Determining if the pthread_create exist failed with the following output:
Change Dir: /home/nvidia/Documents/USUPACR/realsense_playground/build/CMakeFiles/CMakeTmp

Run Build Command:"/usr/bin/make" "cmTC_5f16f/fast"
/usr/bin/make -f CMakeFiles/cmTC_5f16f.dir/build.make CMakeFiles/cmTC_5f16f.dir/build
make[1]: Entering directory '/home/nvidia/Documents/USUPACR/realsense_playground/build/CMakeFiles/CMakeTmp'
Building C object CMakeFiles/cmTC_5f16f.dir/CheckSymbolExists.c.o
/usr/bin/cc     -o CMakeFiles/cmTC_5f16f.dir/CheckSymbolExists.c.o   -c /home/nvidia/Documents/USUPACR/realsense_playground/build/CMakeFiles/CMakeTmp/CheckSymbolExists.c
Linking C executable cmTC_5f16f
/usr/bin/cmake -E cmake_link_script CMakeFiles/cmTC_5f16f.dir/link.txt --verbose=1
/usr/bin/cc       CMakeFiles/cmTC_5f16f.dir/CheckSymbolExists.c.o  -o cmTC_5f16f -rdynamic 
CMakeFiles/cmTC_5f16f.dir/CheckSymbolExists.c.o: In function `main':
CheckSymbolExists.c:(.text+0x14): undefined reference to `pthread_create'
CheckSymbolExists.c:(.text+0x18): undefined reference to `pthread_create'
collect2: error: ld returned 1 exit status
CMakeFiles/cmTC_5f16f.dir/build.make:97: recipe for target 'cmTC_5f16f' failed
make[1]: *** [cmTC_5f16f] Error 1
make[1]: Leaving directory '/home/nvidia/Documents/USUPACR/realsense_playground/build/CMakeFiles/CMakeTmp'
Makefile:126: recipe for target 'cmTC_5f16f/fast' failed
make: *** [cmTC_5f16f/fast] Error 2

File /home/nvidia/Documents/USUPACR/realsense_playground/build/CMakeFiles/CMakeTmp/CheckSymbolExists.c:
/* */
#include <pthread.h>

int main(int argc, char** argv)
{
  (void)argv;
#ifndef pthread_create
  return ((int*)(&pthread_create))[argc];
#else
  (void)argc;
  return 0;
#endif
}

