Determining if the pthread_create exist failed with the following output:
Change Dir: /home/nvidia/Documents/USUPACR/GUI/build/CMakeFiles/CMakeTmp

Run Build Command:"/usr/bin/make" "cmTC_33781/fast"
/usr/bin/make -f CMakeFiles/cmTC_33781.dir/build.make CMakeFiles/cmTC_33781.dir/build
make[1]: Entering directory '/home/nvidia/Documents/USUPACR/GUI/build/CMakeFiles/CMakeTmp'
Building C object CMakeFiles/cmTC_33781.dir/CheckSymbolExists.c.o
/usr/bin/cc    -fPIC    -o CMakeFiles/cmTC_33781.dir/CheckSymbolExists.c.o   -c /home/nvidia/Documents/USUPACR/GUI/build/CMakeFiles/CMakeTmp/CheckSymbolExists.c
Linking C executable cmTC_33781
/usr/bin/cmake -E cmake_link_script CMakeFiles/cmTC_33781.dir/link.txt --verbose=1
/usr/bin/cc  -fPIC     CMakeFiles/cmTC_33781.dir/CheckSymbolExists.c.o  -o cmTC_33781 -rdynamic 
CMakeFiles/cmTC_33781.dir/CheckSymbolExists.c.o: In function `main':
CheckSymbolExists.c:(.text+0x14): undefined reference to `pthread_create'
CheckSymbolExists.c:(.text+0x18): undefined reference to `pthread_create'
collect2: error: ld returned 1 exit status
CMakeFiles/cmTC_33781.dir/build.make:97: recipe for target 'cmTC_33781' failed
make[1]: *** [cmTC_33781] Error 1
make[1]: Leaving directory '/home/nvidia/Documents/USUPACR/GUI/build/CMakeFiles/CMakeTmp'
Makefile:126: recipe for target 'cmTC_33781/fast' failed
make: *** [cmTC_33781/fast] Error 2

File /home/nvidia/Documents/USUPACR/GUI/build/CMakeFiles/CMakeTmp/CheckSymbolExists.c:
/* */
#include <pthread.h>

int main(int argc, char** argv)
{
  (void)argv;
#ifndef pthread_create
  return ((int*)(&pthread_create))[argc];
#else
  (void)argc;
  return 0;
#endif
}

Determining if the function pthread_create exists in the pthreads failed with the following output:
Change Dir: /home/nvidia/Documents/USUPACR/GUI/build/CMakeFiles/CMakeTmp

Run Build Command:"/usr/bin/make" "cmTC_bd521/fast"
/usr/bin/make -f CMakeFiles/cmTC_bd521.dir/build.make CMakeFiles/cmTC_bd521.dir/build
make[1]: Entering directory '/home/nvidia/Documents/USUPACR/GUI/build/CMakeFiles/CMakeTmp'
Building C object CMakeFiles/cmTC_bd521.dir/CheckFunctionExists.c.o
/usr/bin/cc    -fPIC -DCHECK_FUNCTION_EXISTS=pthread_create   -o CMakeFiles/cmTC_bd521.dir/CheckFunctionExists.c.o   -c /usr/share/cmake-3.5/Modules/CheckFunctionExists.c
Linking C executable cmTC_bd521
/usr/bin/cmake -E cmake_link_script CMakeFiles/cmTC_bd521.dir/link.txt --verbose=1
/usr/bin/cc  -fPIC -DCHECK_FUNCTION_EXISTS=pthread_create    CMakeFiles/cmTC_bd521.dir/CheckFunctionExists.c.o  -o cmTC_bd521 -rdynamic -lpthreads 
/usr/bin/ld: cannot find -lpthreads
collect2: error: ld returned 1 exit status
CMakeFiles/cmTC_bd521.dir/build.make:97: recipe for target 'cmTC_bd521' failed
make[1]: *** [cmTC_bd521] Error 1
make[1]: Leaving directory '/home/nvidia/Documents/USUPACR/GUI/build/CMakeFiles/CMakeTmp'
Makefile:126: recipe for target 'cmTC_bd521/fast' failed
make: *** [cmTC_bd521/fast] Error 2


Determining if the Q_WS_WIN exist failed with the following output:
Change Dir: /home/nvidia/Documents/USUPACR/GUI/build/CMakeFiles/CMakeTmp

Run Build Command:"/usr/bin/make" "cmTC_747ab/fast"
/usr/bin/make -f CMakeFiles/cmTC_747ab.dir/build.make CMakeFiles/cmTC_747ab.dir/build
make[1]: Entering directory '/home/nvidia/Documents/USUPACR/GUI/build/CMakeFiles/CMakeTmp'
Building CXX object CMakeFiles/cmTC_747ab.dir/CheckSymbolExists.cxx.o
/usr/bin/c++    -I/usr/include/qt4   -o CMakeFiles/cmTC_747ab.dir/CheckSymbolExists.cxx.o -c /home/nvidia/Documents/USUPACR/GUI/build/CMakeFiles/CMakeTmp/CheckSymbolExists.cxx
/home/nvidia/Documents/USUPACR/GUI/build/CMakeFiles/CMakeTmp/CheckSymbolExists.cxx: In function ‘int main(int, char**)’:
/home/nvidia/Documents/USUPACR/GUI/build/CMakeFiles/CMakeTmp/CheckSymbolExists.cxx:8:19: error: ‘Q_WS_WIN’ was not declared in this scope
   return ((int*)(&Q_WS_WIN))[argc];
                   ^
CMakeFiles/cmTC_747ab.dir/build.make:65: recipe for target 'CMakeFiles/cmTC_747ab.dir/CheckSymbolExists.cxx.o' failed
make[1]: *** [CMakeFiles/cmTC_747ab.dir/CheckSymbolExists.cxx.o] Error 1
make[1]: Leaving directory '/home/nvidia/Documents/USUPACR/GUI/build/CMakeFiles/CMakeTmp'
Makefile:126: recipe for target 'cmTC_747ab/fast' failed
make: *** [cmTC_747ab/fast] Error 2

File /home/nvidia/Documents/USUPACR/GUI/build/CMakeFiles/CMakeTmp/CheckSymbolExists.cxx:
/* */
#include <QtCore/qglobal.h>

int main(int argc, char** argv)
{
  (void)argv;
#ifndef Q_WS_WIN
  return ((int*)(&Q_WS_WIN))[argc];
#else
  (void)argc;
  return 0;
#endif
}

Determining if the Q_WS_QWS exist failed with the following output:
Change Dir: /home/nvidia/Documents/USUPACR/GUI/build/CMakeFiles/CMakeTmp

Run Build Command:"/usr/bin/make" "cmTC_a10da/fast"
/usr/bin/make -f CMakeFiles/cmTC_a10da.dir/build.make CMakeFiles/cmTC_a10da.dir/build
make[1]: Entering directory '/home/nvidia/Documents/USUPACR/GUI/build/CMakeFiles/CMakeTmp'
Building CXX object CMakeFiles/cmTC_a10da.dir/CheckSymbolExists.cxx.o
/usr/bin/c++    -I/usr/include/qt4   -o CMakeFiles/cmTC_a10da.dir/CheckSymbolExists.cxx.o -c /home/nvidia/Documents/USUPACR/GUI/build/CMakeFiles/CMakeTmp/CheckSymbolExists.cxx
/home/nvidia/Documents/USUPACR/GUI/build/CMakeFiles/CMakeTmp/CheckSymbolExists.cxx: In function ‘int main(int, char**)’:
/home/nvidia/Documents/USUPACR/GUI/build/CMakeFiles/CMakeTmp/CheckSymbolExists.cxx:8:19: error: ‘Q_WS_QWS’ was not declared in this scope
   return ((int*)(&Q_WS_QWS))[argc];
                   ^
CMakeFiles/cmTC_a10da.dir/build.make:65: recipe for target 'CMakeFiles/cmTC_a10da.dir/CheckSymbolExists.cxx.o' failed
make[1]: *** [CMakeFiles/cmTC_a10da.dir/CheckSymbolExists.cxx.o] Error 1
make[1]: Leaving directory '/home/nvidia/Documents/USUPACR/GUI/build/CMakeFiles/CMakeTmp'
Makefile:126: recipe for target 'cmTC_a10da/fast' failed
make: *** [cmTC_a10da/fast] Error 2

File /home/nvidia/Documents/USUPACR/GUI/build/CMakeFiles/CMakeTmp/CheckSymbolExists.cxx:
/* */
#include <QtCore/qglobal.h>

int main(int argc, char** argv)
{
  (void)argv;
#ifndef Q_WS_QWS
  return ((int*)(&Q_WS_QWS))[argc];
#else
  (void)argc;
  return 0;
#endif
}

Determining if the Q_WS_MAC exist failed with the following output:
Change Dir: /home/nvidia/Documents/USUPACR/GUI/build/CMakeFiles/CMakeTmp

Run Build Command:"/usr/bin/make" "cmTC_6518e/fast"
/usr/bin/make -f CMakeFiles/cmTC_6518e.dir/build.make CMakeFiles/cmTC_6518e.dir/build
make[1]: Entering directory '/home/nvidia/Documents/USUPACR/GUI/build/CMakeFiles/CMakeTmp'
Building CXX object CMakeFiles/cmTC_6518e.dir/CheckSymbolExists.cxx.o
/usr/bin/c++    -I/usr/include/qt4   -o CMakeFiles/cmTC_6518e.dir/CheckSymbolExists.cxx.o -c /home/nvidia/Documents/USUPACR/GUI/build/CMakeFiles/CMakeTmp/CheckSymbolExists.cxx
/home/nvidia/Documents/USUPACR/GUI/build/CMakeFiles/CMakeTmp/CheckSymbolExists.cxx: In function ‘int main(int, char**)’:
/home/nvidia/Documents/USUPACR/GUI/build/CMakeFiles/CMakeTmp/CheckSymbolExists.cxx:8:19: error: ‘Q_WS_MAC’ was not declared in this scope
   return ((int*)(&Q_WS_MAC))[argc];
                   ^
CMakeFiles/cmTC_6518e.dir/build.make:65: recipe for target 'CMakeFiles/cmTC_6518e.dir/CheckSymbolExists.cxx.o' failed
make[1]: *** [CMakeFiles/cmTC_6518e.dir/CheckSymbolExists.cxx.o] Error 1
make[1]: Leaving directory '/home/nvidia/Documents/USUPACR/GUI/build/CMakeFiles/CMakeTmp'
Makefile:126: recipe for target 'cmTC_6518e/fast' failed
make: *** [cmTC_6518e/fast] Error 2

File /home/nvidia/Documents/USUPACR/GUI/build/CMakeFiles/CMakeTmp/CheckSymbolExists.cxx:
/* */
#include <QtCore/qglobal.h>

int main(int argc, char** argv)
{
  (void)argv;
#ifndef Q_WS_MAC
  return ((int*)(&Q_WS_MAC))[argc];
#else
  (void)argc;
  return 0;
#endif
}

