Determining if the pthread_create exist failed with the following output:
Change Dir: /home/nvidia/Documents/USUPACR/USUPACR/build/CMakeFiles/CMakeTmp

Run Build Command:"/usr/bin/make" "cmTC_ca26d/fast"
/usr/bin/make -f CMakeFiles/cmTC_ca26d.dir/build.make CMakeFiles/cmTC_ca26d.dir/build
make[1]: Entering directory '/home/nvidia/Documents/USUPACR/USUPACR/build/CMakeFiles/CMakeTmp'
Building C object CMakeFiles/cmTC_ca26d.dir/CheckSymbolExists.c.o
/usr/bin/cc    -fPIC    -o CMakeFiles/cmTC_ca26d.dir/CheckSymbolExists.c.o   -c /home/nvidia/Documents/USUPACR/USUPACR/build/CMakeFiles/CMakeTmp/CheckSymbolExists.c
Linking C executable cmTC_ca26d
/usr/bin/cmake -E cmake_link_script CMakeFiles/cmTC_ca26d.dir/link.txt --verbose=1
/usr/bin/cc  -fPIC     CMakeFiles/cmTC_ca26d.dir/CheckSymbolExists.c.o  -o cmTC_ca26d -rdynamic 
CMakeFiles/cmTC_ca26d.dir/CheckSymbolExists.c.o: In function `main':
CheckSymbolExists.c:(.text+0x14): undefined reference to `pthread_create'
CheckSymbolExists.c:(.text+0x18): undefined reference to `pthread_create'
collect2: error: ld returned 1 exit status
CMakeFiles/cmTC_ca26d.dir/build.make:97: recipe for target 'cmTC_ca26d' failed
make[1]: *** [cmTC_ca26d] Error 1
make[1]: Leaving directory '/home/nvidia/Documents/USUPACR/USUPACR/build/CMakeFiles/CMakeTmp'
Makefile:126: recipe for target 'cmTC_ca26d/fast' failed
make: *** [cmTC_ca26d/fast] Error 2

File /home/nvidia/Documents/USUPACR/USUPACR/build/CMakeFiles/CMakeTmp/CheckSymbolExists.c:
/* */
#include <pthread.h>

int main(int argc, char** argv)
{
  (void)argv;
#ifndef pthread_create
  return ((int*)(&pthread_create))[argc];
#else
  (void)argc;
  return 0;
#endif
}

Determining if the function pthread_create exists in the pthreads failed with the following output:
Change Dir: /home/nvidia/Documents/USUPACR/USUPACR/build/CMakeFiles/CMakeTmp

Run Build Command:"/usr/bin/make" "cmTC_36411/fast"
/usr/bin/make -f CMakeFiles/cmTC_36411.dir/build.make CMakeFiles/cmTC_36411.dir/build
make[1]: Entering directory '/home/nvidia/Documents/USUPACR/USUPACR/build/CMakeFiles/CMakeTmp'
Building C object CMakeFiles/cmTC_36411.dir/CheckFunctionExists.c.o
/usr/bin/cc    -fPIC -DCHECK_FUNCTION_EXISTS=pthread_create   -o CMakeFiles/cmTC_36411.dir/CheckFunctionExists.c.o   -c /usr/share/cmake-3.5/Modules/CheckFunctionExists.c
Linking C executable cmTC_36411
/usr/bin/cmake -E cmake_link_script CMakeFiles/cmTC_36411.dir/link.txt --verbose=1
/usr/bin/cc  -fPIC -DCHECK_FUNCTION_EXISTS=pthread_create    CMakeFiles/cmTC_36411.dir/CheckFunctionExists.c.o  -o cmTC_36411 -rdynamic -lpthreads 
/usr/bin/ld: cannot find -lpthreads
collect2: error: ld returned 1 exit status
CMakeFiles/cmTC_36411.dir/build.make:97: recipe for target 'cmTC_36411' failed
make[1]: *** [cmTC_36411] Error 1
make[1]: Leaving directory '/home/nvidia/Documents/USUPACR/USUPACR/build/CMakeFiles/CMakeTmp'
Makefile:126: recipe for target 'cmTC_36411/fast' failed
make: *** [cmTC_36411/fast] Error 2


