Determining if the pthread_create exist failed with the following output:
Change Dir: /home/nvidia/Documents/USUPACR/OPENCV_Sandbox/build/CMakeFiles/CMakeTmp

Run Build Command:"/usr/bin/make" "cmTC_bf6be/fast"
/usr/bin/make -f CMakeFiles/cmTC_bf6be.dir/build.make CMakeFiles/cmTC_bf6be.dir/build
make[1]: Entering directory '/home/nvidia/Documents/USUPACR/OPENCV_Sandbox/build/CMakeFiles/CMakeTmp'
Building C object CMakeFiles/cmTC_bf6be.dir/CheckSymbolExists.c.o
/usr/bin/cc    -fPIC    -o CMakeFiles/cmTC_bf6be.dir/CheckSymbolExists.c.o   -c /home/nvidia/Documents/USUPACR/OPENCV_Sandbox/build/CMakeFiles/CMakeTmp/CheckSymbolExists.c
Linking C executable cmTC_bf6be
/usr/bin/cmake -E cmake_link_script CMakeFiles/cmTC_bf6be.dir/link.txt --verbose=1
/usr/bin/cc  -fPIC     CMakeFiles/cmTC_bf6be.dir/CheckSymbolExists.c.o  -o cmTC_bf6be -rdynamic 
CMakeFiles/cmTC_bf6be.dir/CheckSymbolExists.c.o: In function `main':
CheckSymbolExists.c:(.text+0x14): undefined reference to `pthread_create'
CheckSymbolExists.c:(.text+0x18): undefined reference to `pthread_create'
collect2: error: ld returned 1 exit status
CMakeFiles/cmTC_bf6be.dir/build.make:97: recipe for target 'cmTC_bf6be' failed
make[1]: *** [cmTC_bf6be] Error 1
make[1]: Leaving directory '/home/nvidia/Documents/USUPACR/OPENCV_Sandbox/build/CMakeFiles/CMakeTmp'
Makefile:126: recipe for target 'cmTC_bf6be/fast' failed
make: *** [cmTC_bf6be/fast] Error 2

File /home/nvidia/Documents/USUPACR/OPENCV_Sandbox/build/CMakeFiles/CMakeTmp/CheckSymbolExists.c:
/* */
#include <pthread.h>

int main(int argc, char** argv)
{
  (void)argv;
#ifndef pthread_create
  return ((int*)(&pthread_create))[argc];
#else
  (void)argc;
  return 0;
#endif
}

Determining if the function pthread_create exists in the pthreads failed with the following output:
Change Dir: /home/nvidia/Documents/USUPACR/OPENCV_Sandbox/build/CMakeFiles/CMakeTmp

Run Build Command:"/usr/bin/make" "cmTC_5a4f4/fast"
/usr/bin/make -f CMakeFiles/cmTC_5a4f4.dir/build.make CMakeFiles/cmTC_5a4f4.dir/build
make[1]: Entering directory '/home/nvidia/Documents/USUPACR/OPENCV_Sandbox/build/CMakeFiles/CMakeTmp'
Building C object CMakeFiles/cmTC_5a4f4.dir/CheckFunctionExists.c.o
/usr/bin/cc    -fPIC -DCHECK_FUNCTION_EXISTS=pthread_create   -o CMakeFiles/cmTC_5a4f4.dir/CheckFunctionExists.c.o   -c /usr/share/cmake-3.5/Modules/CheckFunctionExists.c
Linking C executable cmTC_5a4f4
/usr/bin/cmake -E cmake_link_script CMakeFiles/cmTC_5a4f4.dir/link.txt --verbose=1
/usr/bin/cc  -fPIC -DCHECK_FUNCTION_EXISTS=pthread_create    CMakeFiles/cmTC_5a4f4.dir/CheckFunctionExists.c.o  -o cmTC_5a4f4 -rdynamic -lpthreads 
/usr/bin/ld: cannot find -lpthreads
collect2: error: ld returned 1 exit status
CMakeFiles/cmTC_5a4f4.dir/build.make:97: recipe for target 'cmTC_5a4f4' failed
make[1]: *** [cmTC_5a4f4] Error 1
make[1]: Leaving directory '/home/nvidia/Documents/USUPACR/OPENCV_Sandbox/build/CMakeFiles/CMakeTmp'
Makefile:126: recipe for target 'cmTC_5a4f4/fast' failed
make: *** [cmTC_5a4f4/fast] Error 2


